Analysis & Synthesis report for FinalProject
Sat Apr 30 21:00:56 2022
Quartus Prime Version 21.1.0 Build 842 10/21/2021 SJ Lite Edition


---------------------
; Table of Contents ;
---------------------
  1. Legal Notice
  2. Analysis & Synthesis Summary
  3. Analysis & Synthesis Settings
  4. Parallel Compilation
  5. Analysis & Synthesis Source Files Read
  6. Analysis & Synthesis Resource Usage Summary
  7. Analysis & Synthesis Resource Utilization by Entity
  8. State Machine - |FinalProject|FiniteStateMachine:FSM|Pst
  9. User-Specified and Inferred Latches
 10. Registers Removed During Synthesis
 11. General Register Statistics
 12. Inverted Register Statistics
 13. Parameter Settings for User Entity Instance: FiniteStateMachine:FSM|Counter60:C60
 14. Parameter Settings for User Entity Instance: Timer90:Timer
 15. Parameter Settings for Inferred Entity Instance: HEXtoBCD:HEX0Conv|lpm_divide:Mod0
 16. Parameter Settings for Inferred Entity Instance: HEXtoBCD:HEX0Conv|lpm_divide:Div0
 17. Parameter Settings for Inferred Entity Instance: HEXtoBCD:HEX0Conv|lpm_divide:Mod1
 18. Post-Synthesis Netlist Statistics for Top Partition
 19. Elapsed Time Per Partition
 20. Analysis & Synthesis Messages



----------------
; Legal Notice ;
----------------
Copyright (C) 2021  Intel Corporation. All rights reserved.
Your use of Intel Corporation's design tools, logic functions 
and other software and tools, and any partner logic 
functions, and any output files from any of the foregoing 
(including device programming or simulation files), and any 
associated documentation or information are expressly subject 
to the terms and conditions of the Intel Program License 
Subscription Agreement, the Intel Quartus Prime License Agreement,
the Intel FPGA IP License Agreement, or other applicable license
agreement, including, without limitation, that your use is for
the sole purpose of programming logic devices manufactured by
Intel and sold by Intel or its authorized distributors.  Please
refer to the applicable agreement for further details, at
https://fpgasoftware.intel.com/eula.



+----------------------------------------------------------------------------------+
; Analysis & Synthesis Summary                                                     ;
+------------------------------------+---------------------------------------------+
; Analysis & Synthesis Status        ; Successful - Sat Apr 30 21:00:56 2022       ;
; Quartus Prime Version              ; 21.1.0 Build 842 10/21/2021 SJ Lite Edition ;
; Revision Name                      ; FinalProject                                ;
; Top-level Entity Name              ; FinalProject                                ;
; Family                             ; MAX 10                                      ;
; Total logic elements               ; 339                                         ;
;     Total combinational functions  ; 336                                         ;
;     Dedicated logic registers      ; 62                                          ;
; Total registers                    ; 62                                          ;
; Total pins                         ; 36                                          ;
; Total virtual pins                 ; 0                                           ;
; Total memory bits                  ; 0                                           ;
; Embedded Multiplier 9-bit elements ; 0                                           ;
; Total PLLs                         ; 0                                           ;
; UFM blocks                         ; 0                                           ;
; ADC blocks                         ; 0                                           ;
+------------------------------------+---------------------------------------------+


+------------------------------------------------------------------------------------------------------------+
; Analysis & Synthesis Settings                                                                              ;
+------------------------------------------------------------------+--------------------+--------------------+
; Option                                                           ; Setting            ; Default Value      ;
+------------------------------------------------------------------+--------------------+--------------------+
; Device                                                           ; 10M50DAF484C7G     ;                    ;
; Top-level entity name                                            ; FinalProject       ; FinalProject       ;
; Family name                                                      ; MAX 10             ; Cyclone V          ;
; Use smart compilation                                            ; Off                ; Off                ;
; Enable parallel Assembler and Timing Analyzer during compilation ; On                 ; On                 ;
; Enable compact report table                                      ; Off                ; Off                ;
; Restructure Multiplexers                                         ; Auto               ; Auto               ;
; Create Debugging Nodes for IP Cores                              ; Off                ; Off                ;
; Preserve fewer node names                                        ; On                 ; On                 ;
; Intel FPGA IP Evaluation Mode                                    ; Enable             ; Enable             ;
; Verilog Version                                                  ; Verilog_2001       ; Verilog_2001       ;
; VHDL Version                                                     ; VHDL_1993          ; VHDL_1993          ;
; State Machine Processing                                         ; Auto               ; Auto               ;
; Safe State Machine                                               ; Off                ; Off                ;
; Extract Verilog State Machines                                   ; On                 ; On                 ;
; Extract VHDL State Machines                                      ; On                 ; On                 ;
; Ignore Verilog initial constructs                                ; Off                ; Off                ;
; Iteration limit for constant Verilog loops                       ; 5000               ; 5000               ;
; Iteration limit for non-constant Verilog loops                   ; 250                ; 250                ;
; Add Pass-Through Logic to Inferred RAMs                          ; On                 ; On                 ;
; Infer RAMs from Raw Logic                                        ; On                 ; On                 ;
; Parallel Synthesis                                               ; On                 ; On                 ;
; DSP Block Balancing                                              ; Auto               ; Auto               ;
; NOT Gate Push-Back                                               ; On                 ; On                 ;
; Power-Up Don't Care                                              ; On                 ; On                 ;
; Remove Redundant Logic Cells                                     ; Off                ; Off                ;
; Remove Duplicate Registers                                       ; On                 ; On                 ;
; Ignore CARRY Buffers                                             ; Off                ; Off                ;
; Ignore CASCADE Buffers                                           ; Off                ; Off                ;
; Ignore GLOBAL Buffers                                            ; Off                ; Off                ;
; Ignore ROW GLOBAL Buffers                                        ; Off                ; Off                ;
; Ignore LCELL Buffers                                             ; Off                ; Off                ;
; Ignore SOFT Buffers                                              ; On                 ; On                 ;
; Limit AHDL Integers to 32 Bits                                   ; Off                ; Off                ;
; Optimization Technique                                           ; Balanced           ; Balanced           ;
; Carry Chain Length                                               ; 70                 ; 70                 ;
; Auto Carry Chains                                                ; On                 ; On                 ;
; Auto Open-Drain Pins                                             ; On                 ; On                 ;
; Perform WYSIWYG Primitive Resynthesis                            ; Off                ; Off                ;
; Auto ROM Replacement                                             ; On                 ; On                 ;
; Auto RAM Replacement                                             ; On                 ; On                 ;
; Auto DSP Block Replacement                                       ; On                 ; On                 ;
; Auto Shift Register Replacement                                  ; Auto               ; Auto               ;
; Allow Shift Register Merging across Hierarchies                  ; Auto               ; Auto               ;
; Auto Clock Enable Replacement                                    ; On                 ; On                 ;
; Strict RAM Replacement                                           ; Off                ; Off                ;
; Allow Synchronous Control Signals                                ; On                 ; On                 ;
; Force Use of Synchronous Clear Signals                           ; Off                ; Off                ;
; Auto RAM Block Balancing                                         ; On                 ; On                 ;
; Auto RAM to Logic Cell Conversion                                ; Off                ; Off                ;
; Auto Resource Sharing                                            ; Off                ; Off                ;
; Allow Any RAM Size For Recognition                               ; Off                ; Off                ;
; Allow Any ROM Size For Recognition                               ; Off                ; Off                ;
; Allow Any Shift Register Size For Recognition                    ; Off                ; Off                ;
; Use LogicLock Constraints during Resource Balancing              ; On                 ; On                 ;
; Ignore translate_off and synthesis_off directives                ; Off                ; Off                ;
; Timing-Driven Synthesis                                          ; On                 ; On                 ;
; Report Parameter Settings                                        ; On                 ; On                 ;
; Report Source Assignments                                        ; On                 ; On                 ;
; Report Connectivity Checks                                       ; On                 ; On                 ;
; Ignore Maximum Fan-Out Assignments                               ; Off                ; Off                ;
; Synchronization Register Chain Length                            ; 2                  ; 2                  ;
; Power Optimization During Synthesis                              ; Normal compilation ; Normal compilation ;
; HDL message level                                                ; Level2             ; Level2             ;
; Suppress Register Optimization Related Messages                  ; Off                ; Off                ;
; Number of Removed Registers Reported in Synthesis Report         ; 5000               ; 5000               ;
; Number of Swept Nodes Reported in Synthesis Report               ; 5000               ; 5000               ;
; Number of Inverted Registers Reported in Synthesis Report        ; 100                ; 100                ;
; Clock MUX Protection                                             ; On                 ; On                 ;
; Auto Gated Clock Conversion                                      ; Off                ; Off                ;
; Block Design Naming                                              ; Auto               ; Auto               ;
; SDC constraint protection                                        ; Off                ; Off                ;
; Synthesis Effort                                                 ; Auto               ; Auto               ;
; Shift Register Replacement - Allow Asynchronous Clear Signal     ; On                 ; On                 ;
; Pre-Mapping Resynthesis Optimization                             ; Off                ; Off                ;
; Analysis & Synthesis Message Level                               ; Medium             ; Medium             ;
; Disable Register Merging Across Hierarchies                      ; Auto               ; Auto               ;
; Resource Aware Inference For Block RAM                           ; On                 ; On                 ;
+------------------------------------------------------------------+--------------------+--------------------+


+------------------------------------------+
; Parallel Compilation                     ;
+----------------------------+-------------+
; Processors                 ; Number      ;
+----------------------------+-------------+
; Number detected on machine ; 4           ;
; Maximum allowed            ; 2           ;
;                            ;             ;
; Average used               ; 1.00        ;
; Maximum used               ; 2           ;
;                            ;             ;
; Usage by Processor         ; % Time Used ;
;     Processor 1            ; 100.0%      ;
;     Processor 2            ;   0.0%      ;
+----------------------------+-------------+


+--------------------------------------------------------------------------------------------------------------------------------------------------------------------------------+
; Analysis & Synthesis Source Files Read                                                                                                                                         ;
+----------------------------------+-----------------+------------------------------+----------------------------------------------------------------------------------+---------+
; File Name with User-Entered Path ; Used in Netlist ; File Type                    ; File Name with Absolute Path                                                     ; Library ;
+----------------------------------+-----------------+------------------------------+----------------------------------------------------------------------------------+---------+
; Experiment05PartA.vhd            ; yes             ; User VHDL File               ; C:/Users/emans/OneDrive/Documents/CMPE 470L/Final Project/Experiment05PartA.vhd  ;         ;
; HEXtoBCD.vhd                     ; yes             ; User VHDL File               ; C:/Users/emans/OneDrive/Documents/CMPE 470L/Final Project/HEXtoBCD.vhd           ;         ;
; BCDto7Seg.vhd                    ; yes             ; User VHDL File               ; C:/Users/emans/OneDrive/Documents/CMPE 470L/Final Project/BCDto7Seg.vhd          ;         ;
; FinalProject.vhd                 ; yes             ; User VHDL File               ; C:/Users/emans/OneDrive/Documents/CMPE 470L/Final Project/FinalProject.vhd       ;         ;
; Timer90.vhd                      ; yes             ; User VHDL File               ; C:/Users/emans/OneDrive/Documents/CMPE 470L/Final Project/Timer90.vhd            ;         ;
; FiniteStateMachine.vhd           ; yes             ; User VHDL File               ; C:/Users/emans/OneDrive/Documents/CMPE 470L/Final Project/FiniteStateMachine.vhd ;         ;
; Counter60.vhd                    ; yes             ; User VHDL File               ; C:/Users/emans/OneDrive/Documents/CMPE 470L/Final Project/Counter60.vhd          ;         ;
; lpm_divide.tdf                   ; yes             ; Megafunction                 ; c:/intelfpga_lite/21.1/quartus/libraries/megafunctions/lpm_divide.tdf            ;         ;
; abs_divider.inc                  ; yes             ; Megafunction                 ; c:/intelfpga_lite/21.1/quartus/libraries/megafunctions/abs_divider.inc           ;         ;
; sign_div_unsign.inc              ; yes             ; Megafunction                 ; c:/intelfpga_lite/21.1/quartus/libraries/megafunctions/sign_div_unsign.inc       ;         ;
; aglobal211.inc                   ; yes             ; Megafunction                 ; c:/intelfpga_lite/21.1/quartus/libraries/megafunctions/aglobal211.inc            ;         ;
; db/lpm_divide_25o.tdf            ; yes             ; Auto-Generated Megafunction  ; C:/Users/emans/OneDrive/Documents/CMPE 470L/Final Project/db/lpm_divide_25o.tdf  ;         ;
; db/abs_divider_4dg.tdf           ; yes             ; Auto-Generated Megafunction  ; C:/Users/emans/OneDrive/Documents/CMPE 470L/Final Project/db/abs_divider_4dg.tdf ;         ;
; db/alt_u_div_ske.tdf             ; yes             ; Auto-Generated Megafunction  ; C:/Users/emans/OneDrive/Documents/CMPE 470L/Final Project/db/alt_u_div_ske.tdf   ;         ;
; db/add_sub_t3c.tdf               ; yes             ; Auto-Generated Megafunction  ; C:/Users/emans/OneDrive/Documents/CMPE 470L/Final Project/db/add_sub_t3c.tdf     ;         ;
; db/add_sub_u3c.tdf               ; yes             ; Auto-Generated Megafunction  ; C:/Users/emans/OneDrive/Documents/CMPE 470L/Final Project/db/add_sub_u3c.tdf     ;         ;
; db/lpm_abs_8b9.tdf               ; yes             ; Auto-Generated Megafunction  ; C:/Users/emans/OneDrive/Documents/CMPE 470L/Final Project/db/lpm_abs_8b9.tdf     ;         ;
; db/lpm_divide_fbo.tdf            ; yes             ; Auto-Generated Megafunction  ; C:/Users/emans/OneDrive/Documents/CMPE 470L/Final Project/db/lpm_divide_fbo.tdf  ;         ;
; db/abs_divider_kbg.tdf           ; yes             ; Auto-Generated Megafunction  ; C:/Users/emans/OneDrive/Documents/CMPE 470L/Final Project/db/abs_divider_kbg.tdf ;         ;
; db/alt_u_div_she.tdf             ; yes             ; Auto-Generated Megafunction  ; C:/Users/emans/OneDrive/Documents/CMPE 470L/Final Project/db/alt_u_div_she.tdf   ;         ;
; db/lpm_abs_o99.tdf               ; yes             ; Auto-Generated Megafunction  ; C:/Users/emans/OneDrive/Documents/CMPE 470L/Final Project/db/lpm_abs_o99.tdf     ;         ;
+----------------------------------+-----------------+------------------------------+----------------------------------------------------------------------------------+---------+


+---------------------------------------------------------+
; Analysis & Synthesis Resource Usage Summary             ;
+---------------------------------------------+-----------+
; Resource                                    ; Usage     ;
+---------------------------------------------+-----------+
; Estimated Total logic elements              ; 339       ;
;                                             ;           ;
; Total combinational functions               ; 336       ;
; Logic element usage by number of LUT inputs ;           ;
;     -- 4 input functions                    ; 71        ;
;     -- 3 input functions                    ; 88        ;
;     -- <=2 input functions                  ; 177       ;
;                                             ;           ;
; Logic elements by mode                      ;           ;
;     -- normal mode                          ; 220       ;
;     -- arithmetic mode                      ; 116       ;
;                                             ;           ;
; Total registers                             ; 62        ;
;     -- Dedicated logic registers            ; 62        ;
;     -- I/O registers                        ; 0         ;
;                                             ;           ;
; I/O pins                                    ; 36        ;
;                                             ;           ;
; Embedded Multiplier 9-bit elements          ; 0         ;
;                                             ;           ;
; Maximum fan-out node                        ; clk~input ;
; Maximum fan-out                             ; 36        ;
; Total fan-out                               ; 1077      ;
; Average fan-out                             ; 2.29      ;
+---------------------------------------------+-----------+


+-----------------------------------------------------------------------------------------------------------------------------------------------------------------------------------------------------------------------------------------------------------------------------------------------------------------------------------------------------------------+
; Analysis & Synthesis Resource Utilization by Entity                                                                                                                                                                                                                                                                                                             ;
+------------------------------------------+---------------------+---------------------------+-------------+------------+--------------+---------+-----------+------+--------------+------------+-----------------------------------------------------------------------------------------------------------------------------+--------------------+--------------+
; Compilation Hierarchy Node               ; Combinational ALUTs ; Dedicated Logic Registers ; Memory Bits ; UFM Blocks ; DSP Elements ; DSP 9x9 ; DSP 18x18 ; Pins ; Virtual Pins ; ADC blocks ; Full Hierarchy Name                                                                                                         ; Entity Name        ; Library Name ;
+------------------------------------------+---------------------+---------------------------+-------------+------------+--------------+---------+-----------+------+--------------+------------+-----------------------------------------------------------------------------------------------------------------------------+--------------------+--------------+
; |FinalProject                            ; 336 (0)             ; 62 (0)                    ; 0           ; 0          ; 0            ; 0       ; 0         ; 36   ; 0            ; 0          ; |FinalProject                                                                                                               ; FinalProject       ; work         ;
;    |BCDto7Seg:HEX0|                      ; 7 (7)               ; 0 (0)                     ; 0           ; 0          ; 0            ; 0       ; 0         ; 0    ; 0            ; 0          ; |FinalProject|BCDto7Seg:HEX0                                                                                                ; BCDto7Seg          ; work         ;
;    |BCDto7Seg:HEX1|                      ; 7 (7)               ; 0 (0)                     ; 0           ; 0          ; 0            ; 0       ; 0         ; 0    ; 0            ; 0          ; |FinalProject|BCDto7Seg:HEX1                                                                                                ; BCDto7Seg          ; work         ;
;    |FiniteStateMachine:FSM|              ; 126 (57)            ; 54 (13)                   ; 0           ; 0          ; 0            ; 0       ; 0         ; 0    ; 0            ; 0          ; |FinalProject|FiniteStateMachine:FSM                                                                                        ; FiniteStateMachine ; work         ;
;       |Counter60:C60|                    ; 58 (12)             ; 40 (6)                    ; 0           ; 0          ; 0            ; 0       ; 0         ; 0    ; 0            ; 0          ; |FinalProject|FiniteStateMachine:FSM|Counter60:C60                                                                          ; Counter60          ; work         ;
;          |Experiment05PartA:Clock|       ; 46 (46)             ; 34 (34)                   ; 0           ; 0          ; 0            ; 0       ; 0         ; 0    ; 0            ; 0          ; |FinalProject|FiniteStateMachine:FSM|Counter60:C60|Experiment05PartA:Clock                                                  ; Experiment05PartA  ; work         ;
;       |Experiment05PartA:Clock|          ; 11 (11)             ; 1 (1)                     ; 0           ; 0          ; 0            ; 0       ; 0         ; 0    ; 0            ; 0          ; |FinalProject|FiniteStateMachine:FSM|Experiment05PartA:Clock                                                                ; Experiment05PartA  ; work         ;
;    |HEXtoBCD:HEX0Conv|                   ; 180 (0)             ; 0 (0)                     ; 0           ; 0          ; 0            ; 0       ; 0         ; 0    ; 0            ; 0          ; |FinalProject|HEXtoBCD:HEX0Conv                                                                                             ; HEXtoBCD           ; work         ;
;       |lpm_divide:Div0|                  ; 55 (0)              ; 0 (0)                     ; 0           ; 0          ; 0            ; 0       ; 0         ; 0    ; 0            ; 0          ; |FinalProject|HEXtoBCD:HEX0Conv|lpm_divide:Div0                                                                             ; lpm_divide         ; work         ;
;          |lpm_divide_fbo:auto_generated| ; 55 (0)              ; 0 (0)                     ; 0           ; 0          ; 0            ; 0       ; 0         ; 0    ; 0            ; 0          ; |FinalProject|HEXtoBCD:HEX0Conv|lpm_divide:Div0|lpm_divide_fbo:auto_generated                                               ; lpm_divide_fbo     ; work         ;
;             |abs_divider_kbg:divider|    ; 55 (0)              ; 0 (0)                     ; 0           ; 0          ; 0            ; 0       ; 0         ; 0    ; 0            ; 0          ; |FinalProject|HEXtoBCD:HEX0Conv|lpm_divide:Div0|lpm_divide_fbo:auto_generated|abs_divider_kbg:divider                       ; abs_divider_kbg    ; work         ;
;                |alt_u_div_she:divider|   ; 55 (55)             ; 0 (0)                     ; 0           ; 0          ; 0            ; 0       ; 0         ; 0    ; 0            ; 0          ; |FinalProject|HEXtoBCD:HEX0Conv|lpm_divide:Div0|lpm_divide_fbo:auto_generated|abs_divider_kbg:divider|alt_u_div_she:divider ; alt_u_div_she      ; work         ;
;       |lpm_divide:Mod0|                  ; 108 (0)             ; 0 (0)                     ; 0           ; 0          ; 0            ; 0       ; 0         ; 0    ; 0            ; 0          ; |FinalProject|HEXtoBCD:HEX0Conv|lpm_divide:Mod0                                                                             ; lpm_divide         ; work         ;
;          |lpm_divide_25o:auto_generated| ; 108 (0)             ; 0 (0)                     ; 0           ; 0          ; 0            ; 0       ; 0         ; 0    ; 0            ; 0          ; |FinalProject|HEXtoBCD:HEX0Conv|lpm_divide:Mod0|lpm_divide_25o:auto_generated                                               ; lpm_divide_25o     ; work         ;
;             |abs_divider_4dg:divider|    ; 108 (0)             ; 0 (0)                     ; 0           ; 0          ; 0            ; 0       ; 0         ; 0    ; 0            ; 0          ; |FinalProject|HEXtoBCD:HEX0Conv|lpm_divide:Mod0|lpm_divide_25o:auto_generated|abs_divider_4dg:divider                       ; abs_divider_4dg    ; work         ;
;                |alt_u_div_ske:divider|   ; 108 (108)           ; 0 (0)                     ; 0           ; 0          ; 0            ; 0       ; 0         ; 0    ; 0            ; 0          ; |FinalProject|HEXtoBCD:HEX0Conv|lpm_divide:Mod0|lpm_divide_25o:auto_generated|abs_divider_4dg:divider|alt_u_div_ske:divider ; alt_u_div_ske      ; work         ;
;       |lpm_divide:Mod1|                  ; 17 (0)              ; 0 (0)                     ; 0           ; 0          ; 0            ; 0       ; 0         ; 0    ; 0            ; 0          ; |FinalProject|HEXtoBCD:HEX0Conv|lpm_divide:Mod1                                                                             ; lpm_divide         ; work         ;
;          |lpm_divide_25o:auto_generated| ; 17 (0)              ; 0 (0)                     ; 0           ; 0          ; 0            ; 0       ; 0         ; 0    ; 0            ; 0          ; |FinalProject|HEXtoBCD:HEX0Conv|lpm_divide:Mod1|lpm_divide_25o:auto_generated                                               ; lpm_divide_25o     ; work         ;
;             |abs_divider_4dg:divider|    ; 17 (0)              ; 0 (0)                     ; 0           ; 0          ; 0            ; 0       ; 0         ; 0    ; 0            ; 0          ; |FinalProject|HEXtoBCD:HEX0Conv|lpm_divide:Mod1|lpm_divide_25o:auto_generated|abs_divider_4dg:divider                       ; abs_divider_4dg    ; work         ;
;                |alt_u_div_ske:divider|   ; 17 (17)             ; 0 (0)                     ; 0           ; 0          ; 0            ; 0       ; 0         ; 0    ; 0            ; 0          ; |FinalProject|HEXtoBCD:HEX0Conv|lpm_divide:Mod1|lpm_divide_25o:auto_generated|abs_divider_4dg:divider|alt_u_div_ske:divider ; alt_u_div_ske      ; work         ;
;    |Timer90:Timer|                       ; 16 (16)             ; 8 (7)                     ; 0           ; 0          ; 0            ; 0       ; 0         ; 0    ; 0            ; 0          ; |FinalProject|Timer90:Timer                                                                                                 ; Timer90            ; work         ;
;       |Experiment05PartA:Clock|          ; 0 (0)               ; 1 (1)                     ; 0           ; 0          ; 0            ; 0       ; 0         ; 0    ; 0            ; 0          ; |FinalProject|Timer90:Timer|Experiment05PartA:Clock                                                                         ; Experiment05PartA  ; work         ;
+------------------------------------------+---------------------+---------------------------+-------------+------------+--------------+---------+-----------+------+--------------+------------+-----------------------------------------------------------------------------------------------------------------------------+--------------------+--------------+
Note: For table entries with two numbers listed, the numbers in parentheses indicate the number of resources of the given type used by the specific entity alone. The numbers listed outside of parentheses indicate the total resources of the given type used by the specific entity and all of its sub-entities in the hierarchy.


Encoding Type:  One-Hot
+---------------------------------------------------------------------------------------------------------------------------------+
; State Machine - |FinalProject|FiniteStateMachine:FSM|Pst                                                                        ;
+---------+---------+---------+---------+--------+--------+--------+--------+--------+--------+--------+--------+--------+--------+
; Name    ; Pst.S12 ; Pst.S11 ; Pst.S10 ; Pst.S9 ; Pst.S8 ; Pst.S7 ; Pst.S6 ; Pst.S5 ; Pst.S4 ; Pst.S3 ; Pst.S2 ; Pst.S1 ; Pst.S0 ;
+---------+---------+---------+---------+--------+--------+--------+--------+--------+--------+--------+--------+--------+--------+
; Pst.S0  ; 0       ; 0       ; 0       ; 0      ; 0      ; 0      ; 0      ; 0      ; 0      ; 0      ; 0      ; 0      ; 0      ;
; Pst.S1  ; 0       ; 0       ; 0       ; 0      ; 0      ; 0      ; 0      ; 0      ; 0      ; 0      ; 0      ; 1      ; 1      ;
; Pst.S2  ; 0       ; 0       ; 0       ; 0      ; 0      ; 0      ; 0      ; 0      ; 0      ; 0      ; 1      ; 0      ; 1      ;
; Pst.S3  ; 0       ; 0       ; 0       ; 0      ; 0      ; 0      ; 0      ; 0      ; 0      ; 1      ; 0      ; 0      ; 1      ;
; Pst.S4  ; 0       ; 0       ; 0       ; 0      ; 0      ; 0      ; 0      ; 0      ; 1      ; 0      ; 0      ; 0      ; 1      ;
; Pst.S5  ; 0       ; 0       ; 0       ; 0      ; 0      ; 0      ; 0      ; 1      ; 0      ; 0      ; 0      ; 0      ; 1      ;
; Pst.S6  ; 0       ; 0       ; 0       ; 0      ; 0      ; 0      ; 1      ; 0      ; 0      ; 0      ; 0      ; 0      ; 1      ;
; Pst.S7  ; 0       ; 0       ; 0       ; 0      ; 0      ; 1      ; 0      ; 0      ; 0      ; 0      ; 0      ; 0      ; 1      ;
; Pst.S8  ; 0       ; 0       ; 0       ; 0      ; 1      ; 0      ; 0      ; 0      ; 0      ; 0      ; 0      ; 0      ; 1      ;
; Pst.S9  ; 0       ; 0       ; 0       ; 1      ; 0      ; 0      ; 0      ; 0      ; 0      ; 0      ; 0      ; 0      ; 1      ;
; Pst.S10 ; 0       ; 0       ; 1       ; 0      ; 0      ; 0      ; 0      ; 0      ; 0      ; 0      ; 0      ; 0      ; 1      ;
; Pst.S11 ; 0       ; 1       ; 0       ; 0      ; 0      ; 0      ; 0      ; 0      ; 0      ; 0      ; 0      ; 0      ; 1      ;
; Pst.S12 ; 1       ; 0       ; 0       ; 0      ; 0      ; 0      ; 0      ; 0      ; 0      ; 0      ; 0      ; 0      ; 1      ;
+---------+---------+---------+---------+--------+--------+--------+--------+--------+--------+--------+--------+--------+--------+


+------------------------------------------------------------------------------------------------------------------+
; User-Specified and Inferred Latches                                                                              ;
+-----------------------------------------------------+-----------------------------------+------------------------+
; Latch Name                                          ; Latch Enable Signal               ; Free of Timing Hazards ;
+-----------------------------------------------------+-----------------------------------+------------------------+
; FiniteStateMachine:FSM|Nst.S6_439                   ; FiniteStateMachine:FSM|Selector10 ; yes                    ;
; FiniteStateMachine:FSM|Nst.S7_425                   ; FiniteStateMachine:FSM|Selector10 ; yes                    ;
; FiniteStateMachine:FSM|Nst.S8_411                   ; FiniteStateMachine:FSM|Selector10 ; yes                    ;
; FiniteStateMachine:FSM|Nst.S9_397                   ; FiniteStateMachine:FSM|Selector10 ; yes                    ;
; FiniteStateMachine:FSM|Nst.S10_383                  ; FiniteStateMachine:FSM|Selector10 ; yes                    ;
; FiniteStateMachine:FSM|Nst.S11_369                  ; FiniteStateMachine:FSM|Selector10 ; yes                    ;
; FiniteStateMachine:FSM|Nst.S5_453                   ; FiniteStateMachine:FSM|Selector10 ; yes                    ;
; FiniteStateMachine:FSM|Nst.S12_355                  ; FiniteStateMachine:FSM|Selector10 ; yes                    ;
; FiniteStateMachine:FSM|Nst.S0_523                   ; FiniteStateMachine:FSM|Selector10 ; yes                    ;
; FiniteStateMachine:FSM|Nst.S1_509                   ; FiniteStateMachine:FSM|Selector10 ; yes                    ;
; FiniteStateMachine:FSM|Nst.S2_495                   ; FiniteStateMachine:FSM|Selector10 ; yes                    ;
; FiniteStateMachine:FSM|Nst.S3_481                   ; FiniteStateMachine:FSM|Selector10 ; yes                    ;
; FiniteStateMachine:FSM|Nst.S4_467                   ; FiniteStateMachine:FSM|Selector10 ; yes                    ;
; Number of user-specified and inferred latches = 13  ;                                   ;                        ;
+-----------------------------------------------------+-----------------------------------+------------------------+
Note: All latches listed above may not be present at the end of synthesis due to various synthesis optimizations.


+-----------------------------------------------------------------------------------------------------------------------------------------------+
; Registers Removed During Synthesis                                                                                                            ;
+----------------------------------------------------------+------------------------------------------------------------------------------------+
; Register name                                            ; Reason for Removal                                                                 ;
+----------------------------------------------------------+------------------------------------------------------------------------------------+
; FiniteStateMachine:FSM|Experiment05PartA:Clock|clk       ; Merged with FiniteStateMachine:FSM|Counter60:C60|Experiment05PartA:Clock|clk       ;
; Timer90:Timer|Experiment05PartA:Clock|clk                ; Merged with FiniteStateMachine:FSM|Counter60:C60|Experiment05PartA:Clock|clk       ;
; FiniteStateMachine:FSM|Experiment05PartA:Clock|count[31] ; Merged with FiniteStateMachine:FSM|Counter60:C60|Experiment05PartA:Clock|count[31] ;
; Timer90:Timer|Experiment05PartA:Clock|count[31]          ; Merged with FiniteStateMachine:FSM|Counter60:C60|Experiment05PartA:Clock|count[31] ;
; FiniteStateMachine:FSM|Experiment05PartA:Clock|count[30] ; Merged with FiniteStateMachine:FSM|Counter60:C60|Experiment05PartA:Clock|count[30] ;
; Timer90:Timer|Experiment05PartA:Clock|count[30]          ; Merged with FiniteStateMachine:FSM|Counter60:C60|Experiment05PartA:Clock|count[30] ;
; FiniteStateMachine:FSM|Experiment05PartA:Clock|count[29] ; Merged with FiniteStateMachine:FSM|Counter60:C60|Experiment05PartA:Clock|count[29] ;
; Timer90:Timer|Experiment05PartA:Clock|count[29]          ; Merged with FiniteStateMachine:FSM|Counter60:C60|Experiment05PartA:Clock|count[29] ;
; FiniteStateMachine:FSM|Experiment05PartA:Clock|count[28] ; Merged with FiniteStateMachine:FSM|Counter60:C60|Experiment05PartA:Clock|count[28] ;
; Timer90:Timer|Experiment05PartA:Clock|count[28]          ; Merged with FiniteStateMachine:FSM|Counter60:C60|Experiment05PartA:Clock|count[28] ;
; FiniteStateMachine:FSM|Experiment05PartA:Clock|count[27] ; Merged with FiniteStateMachine:FSM|Counter60:C60|Experiment05PartA:Clock|count[27] ;
; Timer90:Timer|Experiment05PartA:Clock|count[27]          ; Merged with FiniteStateMachine:FSM|Counter60:C60|Experiment05PartA:Clock|count[27] ;
; FiniteStateMachine:FSM|Experiment05PartA:Clock|count[26] ; Merged with FiniteStateMachine:FSM|Counter60:C60|Experiment05PartA:Clock|count[26] ;
; Timer90:Timer|Experiment05PartA:Clock|count[26]          ; Merged with FiniteStateMachine:FSM|Counter60:C60|Experiment05PartA:Clock|count[26] ;
; FiniteStateMachine:FSM|Experiment05PartA:Clock|count[25] ; Merged with FiniteStateMachine:FSM|Counter60:C60|Experiment05PartA:Clock|count[25] ;
; Timer90:Timer|Experiment05PartA:Clock|count[25]          ; Merged with FiniteStateMachine:FSM|Counter60:C60|Experiment05PartA:Clock|count[25] ;
; FiniteStateMachine:FSM|Experiment05PartA:Clock|count[23] ; Merged with FiniteStateMachine:FSM|Counter60:C60|Experiment05PartA:Clock|count[23] ;
; Timer90:Timer|Experiment05PartA:Clock|count[23]          ; Merged with FiniteStateMachine:FSM|Counter60:C60|Experiment05PartA:Clock|count[23] ;
; FiniteStateMachine:FSM|Experiment05PartA:Clock|count[17] ; Merged with FiniteStateMachine:FSM|Counter60:C60|Experiment05PartA:Clock|count[17] ;
; Timer90:Timer|Experiment05PartA:Clock|count[17]          ; Merged with FiniteStateMachine:FSM|Counter60:C60|Experiment05PartA:Clock|count[17] ;
; FiniteStateMachine:FSM|Experiment05PartA:Clock|count[15] ; Merged with FiniteStateMachine:FSM|Counter60:C60|Experiment05PartA:Clock|count[15] ;
; Timer90:Timer|Experiment05PartA:Clock|count[15]          ; Merged with FiniteStateMachine:FSM|Counter60:C60|Experiment05PartA:Clock|count[15] ;
; FiniteStateMachine:FSM|Experiment05PartA:Clock|count[10] ; Merged with FiniteStateMachine:FSM|Counter60:C60|Experiment05PartA:Clock|count[10] ;
; Timer90:Timer|Experiment05PartA:Clock|count[10]          ; Merged with FiniteStateMachine:FSM|Counter60:C60|Experiment05PartA:Clock|count[10] ;
; FiniteStateMachine:FSM|Experiment05PartA:Clock|count[9]  ; Merged with FiniteStateMachine:FSM|Counter60:C60|Experiment05PartA:Clock|count[9]  ;
; Timer90:Timer|Experiment05PartA:Clock|count[9]           ; Merged with FiniteStateMachine:FSM|Counter60:C60|Experiment05PartA:Clock|count[9]  ;
; FiniteStateMachine:FSM|Experiment05PartA:Clock|count[8]  ; Merged with FiniteStateMachine:FSM|Counter60:C60|Experiment05PartA:Clock|count[8]  ;
; Timer90:Timer|Experiment05PartA:Clock|count[8]           ; Merged with FiniteStateMachine:FSM|Counter60:C60|Experiment05PartA:Clock|count[8]  ;
; FiniteStateMachine:FSM|Experiment05PartA:Clock|count[7]  ; Merged with FiniteStateMachine:FSM|Counter60:C60|Experiment05PartA:Clock|count[7]  ;
; Timer90:Timer|Experiment05PartA:Clock|count[7]           ; Merged with FiniteStateMachine:FSM|Counter60:C60|Experiment05PartA:Clock|count[7]  ;
; FiniteStateMachine:FSM|Experiment05PartA:Clock|count[5]  ; Merged with FiniteStateMachine:FSM|Counter60:C60|Experiment05PartA:Clock|count[5]  ;
; Timer90:Timer|Experiment05PartA:Clock|count[5]           ; Merged with FiniteStateMachine:FSM|Counter60:C60|Experiment05PartA:Clock|count[5]  ;
; FiniteStateMachine:FSM|Experiment05PartA:Clock|count[4]  ; Merged with FiniteStateMachine:FSM|Counter60:C60|Experiment05PartA:Clock|count[4]  ;
; Timer90:Timer|Experiment05PartA:Clock|count[4]           ; Merged with FiniteStateMachine:FSM|Counter60:C60|Experiment05PartA:Clock|count[4]  ;
; FiniteStateMachine:FSM|Experiment05PartA:Clock|count[3]  ; Merged with FiniteStateMachine:FSM|Counter60:C60|Experiment05PartA:Clock|count[3]  ;
; Timer90:Timer|Experiment05PartA:Clock|count[3]           ; Merged with FiniteStateMachine:FSM|Counter60:C60|Experiment05PartA:Clock|count[3]  ;
; FiniteStateMachine:FSM|Experiment05PartA:Clock|count[2]  ; Merged with FiniteStateMachine:FSM|Counter60:C60|Experiment05PartA:Clock|count[2]  ;
; Timer90:Timer|Experiment05PartA:Clock|count[2]           ; Merged with FiniteStateMachine:FSM|Counter60:C60|Experiment05PartA:Clock|count[2]  ;
; FiniteStateMachine:FSM|Experiment05PartA:Clock|count[1]  ; Merged with FiniteStateMachine:FSM|Counter60:C60|Experiment05PartA:Clock|count[1]  ;
; Timer90:Timer|Experiment05PartA:Clock|count[1]           ; Merged with FiniteStateMachine:FSM|Counter60:C60|Experiment05PartA:Clock|count[1]  ;
; FiniteStateMachine:FSM|Experiment05PartA:Clock|count[0]  ; Merged with FiniteStateMachine:FSM|Counter60:C60|Experiment05PartA:Clock|count[0]  ;
; Timer90:Timer|Experiment05PartA:Clock|count[0]           ; Merged with FiniteStateMachine:FSM|Counter60:C60|Experiment05PartA:Clock|count[0]  ;
; FiniteStateMachine:FSM|Experiment05PartA:Clock|count[24] ; Merged with FiniteStateMachine:FSM|Counter60:C60|Experiment05PartA:Clock|count[24] ;
; Timer90:Timer|Experiment05PartA:Clock|count[24]          ; Merged with FiniteStateMachine:FSM|Counter60:C60|Experiment05PartA:Clock|count[24] ;
; FiniteStateMachine:FSM|Experiment05PartA:Clock|count[22] ; Merged with FiniteStateMachine:FSM|Counter60:C60|Experiment05PartA:Clock|count[22] ;
; Timer90:Timer|Experiment05PartA:Clock|count[22]          ; Merged with FiniteStateMachine:FSM|Counter60:C60|Experiment05PartA:Clock|count[22] ;
; FiniteStateMachine:FSM|Experiment05PartA:Clock|count[21] ; Merged with FiniteStateMachine:FSM|Counter60:C60|Experiment05PartA:Clock|count[21] ;
; Timer90:Timer|Experiment05PartA:Clock|count[21]          ; Merged with FiniteStateMachine:FSM|Counter60:C60|Experiment05PartA:Clock|count[21] ;
; FiniteStateMachine:FSM|Experiment05PartA:Clock|count[20] ; Merged with FiniteStateMachine:FSM|Counter60:C60|Experiment05PartA:Clock|count[20] ;
; Timer90:Timer|Experiment05PartA:Clock|count[20]          ; Merged with FiniteStateMachine:FSM|Counter60:C60|Experiment05PartA:Clock|count[20] ;
; FiniteStateMachine:FSM|Experiment05PartA:Clock|count[19] ; Merged with FiniteStateMachine:FSM|Counter60:C60|Experiment05PartA:Clock|count[19] ;
; Timer90:Timer|Experiment05PartA:Clock|count[19]          ; Merged with FiniteStateMachine:FSM|Counter60:C60|Experiment05PartA:Clock|count[19] ;
; FiniteStateMachine:FSM|Experiment05PartA:Clock|count[18] ; Merged with FiniteStateMachine:FSM|Counter60:C60|Experiment05PartA:Clock|count[18] ;
; Timer90:Timer|Experiment05PartA:Clock|count[18]          ; Merged with FiniteStateMachine:FSM|Counter60:C60|Experiment05PartA:Clock|count[18] ;
; FiniteStateMachine:FSM|Experiment05PartA:Clock|count[16] ; Merged with FiniteStateMachine:FSM|Counter60:C60|Experiment05PartA:Clock|count[16] ;
; Timer90:Timer|Experiment05PartA:Clock|count[16]          ; Merged with FiniteStateMachine:FSM|Counter60:C60|Experiment05PartA:Clock|count[16] ;
; FiniteStateMachine:FSM|Experiment05PartA:Clock|count[14] ; Merged with FiniteStateMachine:FSM|Counter60:C60|Experiment05PartA:Clock|count[14] ;
; Timer90:Timer|Experiment05PartA:Clock|count[14]          ; Merged with FiniteStateMachine:FSM|Counter60:C60|Experiment05PartA:Clock|count[14] ;
; FiniteStateMachine:FSM|Experiment05PartA:Clock|count[13] ; Merged with FiniteStateMachine:FSM|Counter60:C60|Experiment05PartA:Clock|count[13] ;
; Timer90:Timer|Experiment05PartA:Clock|count[13]          ; Merged with FiniteStateMachine:FSM|Counter60:C60|Experiment05PartA:Clock|count[13] ;
; FiniteStateMachine:FSM|Experiment05PartA:Clock|count[12] ; Merged with FiniteStateMachine:FSM|Counter60:C60|Experiment05PartA:Clock|count[12] ;
; Timer90:Timer|Experiment05PartA:Clock|count[12]          ; Merged with FiniteStateMachine:FSM|Counter60:C60|Experiment05PartA:Clock|count[12] ;
; FiniteStateMachine:FSM|Experiment05PartA:Clock|count[11] ; Merged with FiniteStateMachine:FSM|Counter60:C60|Experiment05PartA:Clock|count[11] ;
; Timer90:Timer|Experiment05PartA:Clock|count[11]          ; Merged with FiniteStateMachine:FSM|Counter60:C60|Experiment05PartA:Clock|count[11] ;
; FiniteStateMachine:FSM|Experiment05PartA:Clock|count[6]  ; Merged with FiniteStateMachine:FSM|Counter60:C60|Experiment05PartA:Clock|count[6]  ;
; Timer90:Timer|Experiment05PartA:Clock|count[6]           ; Merged with FiniteStateMachine:FSM|Counter60:C60|Experiment05PartA:Clock|count[6]  ;
; Total Number of Removed Registers = 66                   ;                                                                                    ;
+----------------------------------------------------------+------------------------------------------------------------------------------------+


+------------------------------------------------------+
; General Register Statistics                          ;
+----------------------------------------------+-------+
; Statistic                                    ; Value ;
+----------------------------------------------+-------+
; Total registers                              ; 62    ;
; Number of registers using Synchronous Clear  ; 0     ;
; Number of registers using Synchronous Load   ; 0     ;
; Number of registers using Asynchronous Clear ; 26    ;
; Number of registers using Asynchronous Load  ; 0     ;
; Number of registers using Clock Enable       ; 4     ;
; Number of registers using Preset             ; 0     ;
+----------------------------------------------+-------+


+--------------------------------------------------+
; Inverted Register Statistics                     ;
+----------------------------------------+---------+
; Inverted Register                      ; Fan out ;
+----------------------------------------+---------+
; Timer90:Timer|CNT[6]                   ; 8       ;
; Timer90:Timer|CNT[4]                   ; 8       ;
; Timer90:Timer|CNT[3]                   ; 8       ;
; Timer90:Timer|CNT[1]                   ; 6       ;
; Total number of inverted registers = 4 ;         ;
+----------------------------------------+---------+


+-----------------------------------------------------------------------------------+
; Parameter Settings for User Entity Instance: FiniteStateMachine:FSM|Counter60:C60 ;
+----------------+-------+----------------------------------------------------------+
; Parameter Name ; Value ; Type                                                     ;
+----------------+-------+----------------------------------------------------------+
; N              ; 60    ; Signed Integer                                           ;
+----------------+-------+----------------------------------------------------------+
Note: In order to hide this table in the UI and the text report file, please set the "Show Parameter Settings in Synthesis Report" option in "Analysis and Synthesis Settings -> More Settings" to "Off".


+------------------------------------------------------------+
; Parameter Settings for User Entity Instance: Timer90:Timer ;
+----------------+-------+-----------------------------------+
; Parameter Name ; Value ; Type                              ;
+----------------+-------+-----------------------------------+
; N              ; 90    ; Signed Integer                    ;
+----------------+-------+-----------------------------------+
Note: In order to hide this table in the UI and the text report file, please set the "Show Parameter Settings in Synthesis Report" option in "Analysis and Synthesis Settings -> More Settings" to "Off".


+------------------------------------------------------------------------------------+
; Parameter Settings for Inferred Entity Instance: HEXtoBCD:HEX0Conv|lpm_divide:Mod0 ;
+------------------------+----------------+------------------------------------------+
; Parameter Name         ; Value          ; Type                                     ;
+------------------------+----------------+------------------------------------------+
; LPM_WIDTHN             ; 32             ; Untyped                                  ;
; LPM_WIDTHD             ; 32             ; Untyped                                  ;
; LPM_NREPRESENTATION    ; SIGNED         ; Untyped                                  ;
; LPM_DREPRESENTATION    ; SIGNED         ; Untyped                                  ;
; LPM_PIPELINE           ; 0              ; Untyped                                  ;
; LPM_REMAINDERPOSITIVE  ; FALSE          ; Untyped                                  ;
; MAXIMIZE_SPEED         ; 5              ; Untyped                                  ;
; CBXI_PARAMETER         ; lpm_divide_25o ; Untyped                                  ;
; CARRY_CHAIN            ; MANUAL         ; Untyped                                  ;
; OPTIMIZE_FOR_SPEED     ; 5              ; Untyped                                  ;
; AUTO_CARRY_CHAINS      ; ON             ; AUTO_CARRY                               ;
; IGNORE_CARRY_BUFFERS   ; OFF            ; IGNORE_CARRY                             ;
; AUTO_CASCADE_CHAINS    ; ON             ; AUTO_CASCADE                             ;
; IGNORE_CASCADE_BUFFERS ; OFF            ; IGNORE_CASCADE                           ;
+------------------------+----------------+------------------------------------------+
Note: In order to hide this table in the UI and the text report file, please set the "Show Parameter Settings in Synthesis Report" option in "Analysis and Synthesis Settings -> More Settings" to "Off".


+------------------------------------------------------------------------------------+
; Parameter Settings for Inferred Entity Instance: HEXtoBCD:HEX0Conv|lpm_divide:Div0 ;
+------------------------+----------------+------------------------------------------+
; Parameter Name         ; Value          ; Type                                     ;
+------------------------+----------------+------------------------------------------+
; LPM_WIDTHN             ; 32             ; Untyped                                  ;
; LPM_WIDTHD             ; 5              ; Untyped                                  ;
; LPM_NREPRESENTATION    ; SIGNED         ; Untyped                                  ;
; LPM_DREPRESENTATION    ; SIGNED         ; Untyped                                  ;
; LPM_PIPELINE           ; 0              ; Untyped                                  ;
; LPM_REMAINDERPOSITIVE  ; FALSE          ; Untyped                                  ;
; MAXIMIZE_SPEED         ; 5              ; Untyped                                  ;
; CBXI_PARAMETER         ; lpm_divide_fbo ; Untyped                                  ;
; CARRY_CHAIN            ; MANUAL         ; Untyped                                  ;
; OPTIMIZE_FOR_SPEED     ; 5              ; Untyped                                  ;
; AUTO_CARRY_CHAINS      ; ON             ; AUTO_CARRY                               ;
; IGNORE_CARRY_BUFFERS   ; OFF            ; IGNORE_CARRY                             ;
; AUTO_CASCADE_CHAINS    ; ON             ; AUTO_CASCADE                             ;
; IGNORE_CASCADE_BUFFERS ; OFF            ; IGNORE_CASCADE                           ;
+------------------------+----------------+------------------------------------------+
Note: In order to hide this table in the UI and the text report file, please set the "Show Parameter Settings in Synthesis Report" option in "Analysis and Synthesis Settings -> More Settings" to "Off".


+------------------------------------------------------------------------------------+
; Parameter Settings for Inferred Entity Instance: HEXtoBCD:HEX0Conv|lpm_divide:Mod1 ;
+------------------------+----------------+------------------------------------------+
; Parameter Name         ; Value          ; Type                                     ;
+------------------------+----------------+------------------------------------------+
; LPM_WIDTHN             ; 32             ; Untyped                                  ;
; LPM_WIDTHD             ; 32             ; Untyped                                  ;
; LPM_NREPRESENTATION    ; SIGNED         ; Untyped                                  ;
; LPM_DREPRESENTATION    ; SIGNED         ; Untyped                                  ;
; LPM_PIPELINE           ; 0              ; Untyped                                  ;
; LPM_REMAINDERPOSITIVE  ; FALSE          ; Untyped                                  ;
; MAXIMIZE_SPEED         ; 5              ; Untyped                                  ;
; CBXI_PARAMETER         ; lpm_divide_25o ; Untyped                                  ;
; CARRY_CHAIN            ; MANUAL         ; Untyped                                  ;
; OPTIMIZE_FOR_SPEED     ; 5              ; Untyped                                  ;
; AUTO_CARRY_CHAINS      ; ON             ; AUTO_CARRY                               ;
; IGNORE_CARRY_BUFFERS   ; OFF            ; IGNORE_CARRY                             ;
; AUTO_CASCADE_CHAINS    ; ON             ; AUTO_CASCADE                             ;
; IGNORE_CASCADE_BUFFERS ; OFF            ; IGNORE_CASCADE                           ;
+------------------------+----------------+------------------------------------------+
Note: In order to hide this table in the UI and the text report file, please set the "Show Parameter Settings in Synthesis Report" option in "Analysis and Synthesis Settings -> More Settings" to "Off".


+-----------------------------------------------------+
; Post-Synthesis Netlist Statistics for Top Partition ;
+-----------------------+-----------------------------+
; Type                  ; Count                       ;
+-----------------------+-----------------------------+
; boundary_port         ; 36                          ;
; cycloneiii_ff         ; 62                          ;
;     CLR               ; 26                          ;
;     ENA               ; 4                           ;
;     plain             ; 32                          ;
; cycloneiii_lcell_comb ; 346                         ;
;     arith             ; 116                         ;
;         1 data inputs ; 17                          ;
;         2 data inputs ; 56                          ;
;         3 data inputs ; 43                          ;
;     normal            ; 230                         ;
;         0 data inputs ; 9                           ;
;         1 data inputs ; 20                          ;
;         2 data inputs ; 85                          ;
;         3 data inputs ; 45                          ;
;         4 data inputs ; 71                          ;
;                       ;                             ;
; Max LUT depth         ; 14.30                       ;
; Average LUT depth     ; 8.01                        ;
+-----------------------+-----------------------------+


+-------------------------------+
; Elapsed Time Per Partition    ;
+----------------+--------------+
; Partition Name ; Elapsed Time ;
+----------------+--------------+
; Top            ; 00:00:03     ;
+----------------+--------------+


+-------------------------------+
; Analysis & Synthesis Messages ;
+-------------------------------+
Info: *******************************************************************
Info: Running Quartus Prime Analysis & Synthesis
    Info: Version 21.1.0 Build 842 10/21/2021 SJ Lite Edition
    Info: Processing started: Sat Apr 30 21:00:32 2022
Info: Command: quartus_map --read_settings_files=on --write_settings_files=off FinalProject -c FinalProject
Warning (18236): Number of processors has not been specified which may cause overloading on shared machines.  Set the global assignment NUM_PARALLEL_PROCESSORS in your QSF to an appropriate value for best performance.
Info (20030): Parallel compilation is enabled and will use 2 of the 2 processors detected
Info (12021): Found 2 design units, including 1 entities, in source file experiment05parta.vhd
    Info (12022): Found design unit 1: Experiment05PartA-behavioural File: C:/Users/emans/OneDrive/Documents/CMPE 470L/Final Project/Experiment05PartA.vhd Line: 11
    Info (12023): Found entity 1: Experiment05PartA File: C:/Users/emans/OneDrive/Documents/CMPE 470L/Final Project/Experiment05PartA.vhd Line: 6
Info (12021): Found 2 design units, including 1 entities, in source file hextobcd.vhd
    Info (12022): Found design unit 1: HEXtoBCD-model File: C:/Users/emans/OneDrive/Documents/CMPE 470L/Final Project/HEXtoBCD.vhd Line: 12
    Info (12023): Found entity 1: HEXtoBCD File: C:/Users/emans/OneDrive/Documents/CMPE 470L/Final Project/HEXtoBCD.vhd Line: 7
Info (12021): Found 2 design units, including 1 entities, in source file bcdto7seg.vhd
    Info (12022): Found design unit 1: BCDto7Seg-model File: C:/Users/emans/OneDrive/Documents/CMPE 470L/Final Project/BCDto7Seg.vhd Line: 11
    Info (12023): Found entity 1: BCDto7Seg File: C:/Users/emans/OneDrive/Documents/CMPE 470L/Final Project/BCDto7Seg.vhd Line: 6
Info (12021): Found 2 design units, including 1 entities, in source file finalproject.vhd
    Info (12022): Found design unit 1: FinalProject-model File: C:/Users/emans/OneDrive/Documents/CMPE 470L/Final Project/FinalProject.vhd Line: 15
    Info (12023): Found entity 1: FinalProject File: C:/Users/emans/OneDrive/Documents/CMPE 470L/Final Project/FinalProject.vhd Line: 6
Info (12021): Found 2 design units, including 1 entities, in source file timer90.vhd
    Info (12022): Found design unit 1: Timer90-behaviour File: C:/Users/emans/OneDrive/Documents/CMPE 470L/Final Project/Timer90.vhd Line: 12
    Info (12023): Found entity 1: Timer90 File: C:/Users/emans/OneDrive/Documents/CMPE 470L/Final Project/Timer90.vhd Line: 6
Info (12021): Found 2 design units, including 1 entities, in source file finitestatemachine.vhd
    Info (12022): Found design unit 1: FiniteStateMachine-model File: C:/Users/emans/OneDrive/Documents/CMPE 470L/Final Project/FiniteStateMachine.vhd Line: 13
    Info (12023): Found entity 1: FiniteStateMachine File: C:/Users/emans/OneDrive/Documents/CMPE 470L/Final Project/FiniteStateMachine.vhd Line: 6
Info (12021): Found 2 design units, including 1 entities, in source file counter60.vhd
    Info (12022): Found design unit 1: Counter60-behaviour File: C:/Users/emans/OneDrive/Documents/CMPE 470L/Final Project/Counter60.vhd Line: 12
    Info (12023): Found entity 1: Counter60 File: C:/Users/emans/OneDrive/Documents/CMPE 470L/Final Project/Counter60.vhd Line: 6
Info (12127): Elaborating entity "FinalProject" for the top level hierarchy
Info (12128): Elaborating entity "FiniteStateMachine" for hierarchy "FiniteStateMachine:FSM" File: C:/Users/emans/OneDrive/Documents/CMPE 470L/Final Project/FinalProject.vhd Line: 43
Warning (10492): VHDL Process Statement warning at FiniteStateMachine.vhd(51): signal "count60" is read inside the Process Statement but isn't in the Process Statement's sensitivity list File: C:/Users/emans/OneDrive/Documents/CMPE 470L/Final Project/FiniteStateMachine.vhd Line: 51
Warning (10492): VHDL Process Statement warning at FiniteStateMachine.vhd(55): signal "count60" is read inside the Process Statement but isn't in the Process Statement's sensitivity list File: C:/Users/emans/OneDrive/Documents/CMPE 470L/Final Project/FiniteStateMachine.vhd Line: 55
Warning (10492): VHDL Process Statement warning at FiniteStateMachine.vhd(59): signal "count60" is read inside the Process Statement but isn't in the Process Statement's sensitivity list File: C:/Users/emans/OneDrive/Documents/CMPE 470L/Final Project/FiniteStateMachine.vhd Line: 59
Warning (10492): VHDL Process Statement warning at FiniteStateMachine.vhd(63): signal "count60" is read inside the Process Statement but isn't in the Process Statement's sensitivity list File: C:/Users/emans/OneDrive/Documents/CMPE 470L/Final Project/FiniteStateMachine.vhd Line: 63
Warning (10492): VHDL Process Statement warning at FiniteStateMachine.vhd(67): signal "count60" is read inside the Process Statement but isn't in the Process Statement's sensitivity list File: C:/Users/emans/OneDrive/Documents/CMPE 470L/Final Project/FiniteStateMachine.vhd Line: 67
Warning (10492): VHDL Process Statement warning at FiniteStateMachine.vhd(71): signal "count60" is read inside the Process Statement but isn't in the Process Statement's sensitivity list File: C:/Users/emans/OneDrive/Documents/CMPE 470L/Final Project/FiniteStateMachine.vhd Line: 71
Warning (10492): VHDL Process Statement warning at FiniteStateMachine.vhd(76): signal "count60" is read inside the Process Statement but isn't in the Process Statement's sensitivity list File: C:/Users/emans/OneDrive/Documents/CMPE 470L/Final Project/FiniteStateMachine.vhd Line: 76
Warning (10492): VHDL Process Statement warning at FiniteStateMachine.vhd(80): signal "count60" is read inside the Process Statement but isn't in the Process Statement's sensitivity list File: C:/Users/emans/OneDrive/Documents/CMPE 470L/Final Project/FiniteStateMachine.vhd Line: 80
Warning (10492): VHDL Process Statement warning at FiniteStateMachine.vhd(84): signal "count60" is read inside the Process Statement but isn't in the Process Statement's sensitivity list File: C:/Users/emans/OneDrive/Documents/CMPE 470L/Final Project/FiniteStateMachine.vhd Line: 84
Warning (10492): VHDL Process Statement warning at FiniteStateMachine.vhd(88): signal "count60" is read inside the Process Statement but isn't in the Process Statement's sensitivity list File: C:/Users/emans/OneDrive/Documents/CMPE 470L/Final Project/FiniteStateMachine.vhd Line: 88
Warning (10492): VHDL Process Statement warning at FiniteStateMachine.vhd(92): signal "count60" is read inside the Process Statement but isn't in the Process Statement's sensitivity list File: C:/Users/emans/OneDrive/Documents/CMPE 470L/Final Project/FiniteStateMachine.vhd Line: 92
Warning (10492): VHDL Process Statement warning at FiniteStateMachine.vhd(96): signal "count60" is read inside the Process Statement but isn't in the Process Statement's sensitivity list File: C:/Users/emans/OneDrive/Documents/CMPE 470L/Final Project/FiniteStateMachine.vhd Line: 96
Warning (10492): VHDL Process Statement warning at FiniteStateMachine.vhd(100): signal "count60" is read inside the Process Statement but isn't in the Process Statement's sensitivity list File: C:/Users/emans/OneDrive/Documents/CMPE 470L/Final Project/FiniteStateMachine.vhd Line: 100
Warning (10631): VHDL Process Statement warning at FiniteStateMachine.vhd(47): inferring latch(es) for signal or variable "Nst", which holds its previous value in one or more paths through the process File: C:/Users/emans/OneDrive/Documents/CMPE 470L/Final Project/FiniteStateMachine.vhd Line: 47
Info (10041): Inferred latch for "Nst.S12" at FiniteStateMachine.vhd(47) File: C:/Users/emans/OneDrive/Documents/CMPE 470L/Final Project/FiniteStateMachine.vhd Line: 47
Info (10041): Inferred latch for "Nst.S11" at FiniteStateMachine.vhd(47) File: C:/Users/emans/OneDrive/Documents/CMPE 470L/Final Project/FiniteStateMachine.vhd Line: 47
Info (10041): Inferred latch for "Nst.S10" at FiniteStateMachine.vhd(47) File: C:/Users/emans/OneDrive/Documents/CMPE 470L/Final Project/FiniteStateMachine.vhd Line: 47
Info (10041): Inferred latch for "Nst.S9" at FiniteStateMachine.vhd(47) File: C:/Users/emans/OneDrive/Documents/CMPE 470L/Final Project/FiniteStateMachine.vhd Line: 47
Info (10041): Inferred latch for "Nst.S8" at FiniteStateMachine.vhd(47) File: C:/Users/emans/OneDrive/Documents/CMPE 470L/Final Project/FiniteStateMachine.vhd Line: 47
Info (10041): Inferred latch for "Nst.S7" at FiniteStateMachine.vhd(47) File: C:/Users/emans/OneDrive/Documents/CMPE 470L/Final Project/FiniteStateMachine.vhd Line: 47
Info (10041): Inferred latch for "Nst.S6" at FiniteStateMachine.vhd(47) File: C:/Users/emans/OneDrive/Documents/CMPE 470L/Final Project/FiniteStateMachine.vhd Line: 47
Info (10041): Inferred latch for "Nst.S5" at FiniteStateMachine.vhd(47) File: C:/Users/emans/OneDrive/Documents/CMPE 470L/Final Project/FiniteStateMachine.vhd Line: 47
Info (10041): Inferred latch for "Nst.S4" at FiniteStateMachine.vhd(47) File: C:/Users/emans/OneDrive/Documents/CMPE 470L/Final Project/FiniteStateMachine.vhd Line: 47
Info (10041): Inferred latch for "Nst.S3" at FiniteStateMachine.vhd(47) File: C:/Users/emans/OneDrive/Documents/CMPE 470L/Final Project/FiniteStateMachine.vhd Line: 47
Info (10041): Inferred latch for "Nst.S2" at FiniteStateMachine.vhd(47) File: C:/Users/emans/OneDrive/Documents/CMPE 470L/Final Project/FiniteStateMachine.vhd Line: 47
Info (10041): Inferred latch for "Nst.S1" at FiniteStateMachine.vhd(47) File: C:/Users/emans/OneDrive/Documents/CMPE 470L/Final Project/FiniteStateMachine.vhd Line: 47
Info (10041): Inferred latch for "Nst.S0" at FiniteStateMachine.vhd(47) File: C:/Users/emans/OneDrive/Documents/CMPE 470L/Final Project/FiniteStateMachine.vhd Line: 47
Info (12128): Elaborating entity "Experiment05PartA" for hierarchy "FiniteStateMachine:FSM|Experiment05PartA:Clock" File: C:/Users/emans/OneDrive/Documents/CMPE 470L/Final Project/FiniteStateMachine.vhd Line: 106
Info (12128): Elaborating entity "Counter60" for hierarchy "FiniteStateMachine:FSM|Counter60:C60" File: C:/Users/emans/OneDrive/Documents/CMPE 470L/Final Project/FiniteStateMachine.vhd Line: 107
Warning (10492): VHDL Process Statement warning at Counter60.vhd(25): signal "clkout" is read inside the Process Statement but isn't in the Process Statement's sensitivity list File: C:/Users/emans/OneDrive/Documents/CMPE 470L/Final Project/Counter60.vhd Line: 25
Info (12128): Elaborating entity "Timer90" for hierarchy "Timer90:Timer" File: C:/Users/emans/OneDrive/Documents/CMPE 470L/Final Project/FinalProject.vhd Line: 44
Warning (10492): VHDL Process Statement warning at Timer90.vhd(25): signal "clkout" is read inside the Process Statement but isn't in the Process Statement's sensitivity list File: C:/Users/emans/OneDrive/Documents/CMPE 470L/Final Project/Timer90.vhd Line: 25
Info (12128): Elaborating entity "HEXtoBCD" for hierarchy "HEXtoBCD:HEX0Conv" File: C:/Users/emans/OneDrive/Documents/CMPE 470L/Final Project/FinalProject.vhd Line: 45
Info (12128): Elaborating entity "BCDto7Seg" for hierarchy "BCDto7Seg:HEX0" File: C:/Users/emans/OneDrive/Documents/CMPE 470L/Final Project/FinalProject.vhd Line: 46
Info (278001): Inferred 3 megafunctions from design logic
    Info (278004): Inferred divider/modulo megafunction ("lpm_divide") from the following logic: "HEXtoBCD:HEX0Conv|Mod0" File: C:/Users/emans/OneDrive/Documents/CMPE 470L/Final Project/HEXtoBCD.vhd Line: 21
    Info (278004): Inferred divider/modulo megafunction ("lpm_divide") from the following logic: "HEXtoBCD:HEX0Conv|Div0" File: C:/Users/emans/OneDrive/Documents/CMPE 470L/Final Project/HEXtoBCD.vhd Line: 22
    Info (278004): Inferred divider/modulo megafunction ("lpm_divide") from the following logic: "HEXtoBCD:HEX0Conv|Mod1" File: C:/Users/emans/OneDrive/Documents/CMPE 470L/Final Project/HEXtoBCD.vhd Line: 23
Info (12130): Elaborated megafunction instantiation "HEXtoBCD:HEX0Conv|lpm_divide:Mod0" File: C:/Users/emans/OneDrive/Documents/CMPE 470L/Final Project/HEXtoBCD.vhd Line: 21
Info (12133): Instantiated megafunction "HEXtoBCD:HEX0Conv|lpm_divide:Mod0" with the following parameter: File: C:/Users/emans/OneDrive/Documents/CMPE 470L/Final Project/HEXtoBCD.vhd Line: 21
    Info (12134): Parameter "LPM_WIDTHN" = "32"
    Info (12134): Parameter "LPM_WIDTHD" = "32"
    Info (12134): Parameter "LPM_NREPRESENTATION" = "SIGNED"
    Info (12134): Parameter "LPM_DREPRESENTATION" = "SIGNED"
    Info (12134): Parameter "LPM_HINT" = "LPM_REMAINDERPOSITIVE=FALSE"
Info (12021): Found 1 design units, including 1 entities, in source file db/lpm_divide_25o.tdf
    Info (12023): Found entity 1: lpm_divide_25o File: C:/Users/emans/OneDrive/Documents/CMPE 470L/Final Project/db/lpm_divide_25o.tdf Line: 25
Info (12021): Found 1 design units, including 1 entities, in source file db/abs_divider_4dg.tdf
    Info (12023): Found entity 1: abs_divider_4dg File: C:/Users/emans/OneDrive/Documents/CMPE 470L/Final Project/db/abs_divider_4dg.tdf Line: 27
Info (12021): Found 1 design units, including 1 entities, in source file db/alt_u_div_ske.tdf
    Info (12023): Found entity 1: alt_u_div_ske File: C:/Users/emans/OneDrive/Documents/CMPE 470L/Final Project/db/alt_u_div_ske.tdf Line: 27
Info (12021): Found 1 design units, including 1 entities, in source file db/add_sub_t3c.tdf
    Info (12023): Found entity 1: add_sub_t3c File: C:/Users/emans/OneDrive/Documents/CMPE 470L/Final Project/db/add_sub_t3c.tdf Line: 23
Info (12021): Found 1 design units, including 1 entities, in source file db/add_sub_u3c.tdf
    Info (12023): Found entity 1: add_sub_u3c File: C:/Users/emans/OneDrive/Documents/CMPE 470L/Final Project/db/add_sub_u3c.tdf Line: 23
Info (12021): Found 1 design units, including 1 entities, in source file db/lpm_abs_8b9.tdf
    Info (12023): Found entity 1: lpm_abs_8b9 File: C:/Users/emans/OneDrive/Documents/CMPE 470L/Final Project/db/lpm_abs_8b9.tdf Line: 25
Info (12130): Elaborated megafunction instantiation "HEXtoBCD:HEX0Conv|lpm_divide:Div0" File: C:/Users/emans/OneDrive/Documents/CMPE 470L/Final Project/HEXtoBCD.vhd Line: 22
Info (12133): Instantiated megafunction "HEXtoBCD:HEX0Conv|lpm_divide:Div0" with the following parameter: File: C:/Users/emans/OneDrive/Documents/CMPE 470L/Final Project/HEXtoBCD.vhd Line: 22
    Info (12134): Parameter "LPM_WIDTHN" = "32"
    Info (12134): Parameter "LPM_WIDTHD" = "5"
    Info (12134): Parameter "LPM_NREPRESENTATION" = "SIGNED"
    Info (12134): Parameter "LPM_DREPRESENTATION" = "SIGNED"
    Info (12134): Parameter "LPM_HINT" = "LPM_REMAINDERPOSITIVE=FALSE"
Info (12021): Found 1 design units, including 1 entities, in source file db/lpm_divide_fbo.tdf
    Info (12023): Found entity 1: lpm_divide_fbo File: C:/Users/emans/OneDrive/Documents/CMPE 470L/Final Project/db/lpm_divide_fbo.tdf Line: 25
Info (12021): Found 1 design units, including 1 entities, in source file db/abs_divider_kbg.tdf
    Info (12023): Found entity 1: abs_divider_kbg File: C:/Users/emans/OneDrive/Documents/CMPE 470L/Final Project/db/abs_divider_kbg.tdf Line: 29
Info (12021): Found 1 design units, including 1 entities, in source file db/alt_u_div_she.tdf
    Info (12023): Found entity 1: alt_u_div_she File: C:/Users/emans/OneDrive/Documents/CMPE 470L/Final Project/db/alt_u_div_she.tdf Line: 27
Info (12021): Found 1 design units, including 1 entities, in source file db/lpm_abs_o99.tdf
    Info (12023): Found entity 1: lpm_abs_o99 File: C:/Users/emans/OneDrive/Documents/CMPE 470L/Final Project/db/lpm_abs_o99.tdf Line: 25
Info (12130): Elaborated megafunction instantiation "HEXtoBCD:HEX0Conv|lpm_divide:Mod1" File: C:/Users/emans/OneDrive/Documents/CMPE 470L/Final Project/HEXtoBCD.vhd Line: 23
Info (12133): Instantiated megafunction "HEXtoBCD:HEX0Conv|lpm_divide:Mod1" with the following parameter: File: C:/Users/emans/OneDrive/Documents/CMPE 470L/Final Project/HEXtoBCD.vhd Line: 23
    Info (12134): Parameter "LPM_WIDTHN" = "32"
    Info (12134): Parameter "LPM_WIDTHD" = "32"
    Info (12134): Parameter "LPM_NREPRESENTATION" = "SIGNED"
    Info (12134): Parameter "LPM_DREPRESENTATION" = "SIGNED"
    Info (12134): Parameter "LPM_HINT" = "LPM_REMAINDERPOSITIVE=FALSE"
Warning (13012): Latch FiniteStateMachine:FSM|Nst.S6_439 has unsafe behavior File: C:/Users/emans/OneDrive/Documents/CMPE 470L/Final Project/FiniteStateMachine.vhd Line: 47
    Warning (13013): Ports D and ENA on the latch are fed by the same signal FiniteStateMachine:FSM|Counter60:C60|CNT[5] File: C:/Users/emans/OneDrive/Documents/CMPE 470L/Final Project/Counter60.vhd Line: 24
Warning (13012): Latch FiniteStateMachine:FSM|Nst.S7_425 has unsafe behavior File: C:/Users/emans/OneDrive/Documents/CMPE 470L/Final Project/FiniteStateMachine.vhd Line: 47
    Warning (13013): Ports D and ENA on the latch are fed by the same signal FiniteStateMachine:FSM|Counter60:C60|CNT[5] File: C:/Users/emans/OneDrive/Documents/CMPE 470L/Final Project/Counter60.vhd Line: 24
Warning (13012): Latch FiniteStateMachine:FSM|Nst.S8_411 has unsafe behavior File: C:/Users/emans/OneDrive/Documents/CMPE 470L/Final Project/FiniteStateMachine.vhd Line: 47
    Warning (13013): Ports D and ENA on the latch are fed by the same signal FiniteStateMachine:FSM|Counter60:C60|CNT[5] File: C:/Users/emans/OneDrive/Documents/CMPE 470L/Final Project/Counter60.vhd Line: 24
Warning (13012): Latch FiniteStateMachine:FSM|Nst.S9_397 has unsafe behavior File: C:/Users/emans/OneDrive/Documents/CMPE 470L/Final Project/FiniteStateMachine.vhd Line: 47
    Warning (13013): Ports D and ENA on the latch are fed by the same signal FiniteStateMachine:FSM|Pst.S9 File: C:/Users/emans/OneDrive/Documents/CMPE 470L/Final Project/FiniteStateMachine.vhd Line: 24
Warning (13012): Latch FiniteStateMachine:FSM|Nst.S10_383 has unsafe behavior File: C:/Users/emans/OneDrive/Documents/CMPE 470L/Final Project/FiniteStateMachine.vhd Line: 47
    Warning (13013): Ports D and ENA on the latch are fed by the same signal FiniteStateMachine:FSM|Pst.S9 File: C:/Users/emans/OneDrive/Documents/CMPE 470L/Final Project/FiniteStateMachine.vhd Line: 24
Warning (13012): Latch FiniteStateMachine:FSM|Nst.S11_369 has unsafe behavior File: C:/Users/emans/OneDrive/Documents/CMPE 470L/Final Project/FiniteStateMachine.vhd Line: 47
    Warning (13013): Ports D and ENA on the latch are fed by the same signal FiniteStateMachine:FSM|Counter60:C60|CNT[5] File: C:/Users/emans/OneDrive/Documents/CMPE 470L/Final Project/Counter60.vhd Line: 24
Warning (13012): Latch FiniteStateMachine:FSM|Nst.S5_453 has unsafe behavior File: C:/Users/emans/OneDrive/Documents/CMPE 470L/Final Project/FiniteStateMachine.vhd Line: 47
    Warning (13013): Ports D and ENA on the latch are fed by the same signal FiniteStateMachine:FSM|Counter60:C60|CNT[5] File: C:/Users/emans/OneDrive/Documents/CMPE 470L/Final Project/Counter60.vhd Line: 24
Warning (13012): Latch FiniteStateMachine:FSM|Nst.S12_355 has unsafe behavior File: C:/Users/emans/OneDrive/Documents/CMPE 470L/Final Project/FiniteStateMachine.vhd Line: 47
    Warning (13013): Ports D and ENA on the latch are fed by the same signal FiniteStateMachine:FSM|Pst.S12 File: C:/Users/emans/OneDrive/Documents/CMPE 470L/Final Project/FiniteStateMachine.vhd Line: 24
Warning (13012): Latch FiniteStateMachine:FSM|Nst.S0_523 has unsafe behavior File: C:/Users/emans/OneDrive/Documents/CMPE 470L/Final Project/FiniteStateMachine.vhd Line: 47
    Warning (13013): Ports D and ENA on the latch are fed by the same signal FiniteStateMachine:FSM|Pst.S12 File: C:/Users/emans/OneDrive/Documents/CMPE 470L/Final Project/FiniteStateMachine.vhd Line: 24
Warning (13012): Latch FiniteStateMachine:FSM|Nst.S1_509 has unsafe behavior File: C:/Users/emans/OneDrive/Documents/CMPE 470L/Final Project/FiniteStateMachine.vhd Line: 47
    Warning (13013): Ports D and ENA on the latch are fed by the same signal FiniteStateMachine:FSM|Counter60:C60|CNT[5] File: C:/Users/emans/OneDrive/Documents/CMPE 470L/Final Project/Counter60.vhd Line: 24
Warning (13012): Latch FiniteStateMachine:FSM|Nst.S2_495 has unsafe behavior File: C:/Users/emans/OneDrive/Documents/CMPE 470L/Final Project/FiniteStateMachine.vhd Line: 47
    Warning (13013): Ports D and ENA on the latch are fed by the same signal FiniteStateMachine:FSM|Counter60:C60|CNT[5] File: C:/Users/emans/OneDrive/Documents/CMPE 470L/Final Project/Counter60.vhd Line: 24
Warning (13012): Latch FiniteStateMachine:FSM|Nst.S3_481 has unsafe behavior File: C:/Users/emans/OneDrive/Documents/CMPE 470L/Final Project/FiniteStateMachine.vhd Line: 47
    Warning (13013): Ports D and ENA on the latch are fed by the same signal FiniteStateMachine:FSM|Counter60:C60|CNT[5] File: C:/Users/emans/OneDrive/Documents/CMPE 470L/Final Project/Counter60.vhd Line: 24
Warning (13012): Latch FiniteStateMachine:FSM|Nst.S4_467 has unsafe behavior File: C:/Users/emans/OneDrive/Documents/CMPE 470L/Final Project/FiniteStateMachine.vhd Line: 47
    Warning (13013): Ports D and ENA on the latch are fed by the same signal FiniteStateMachine:FSM|Counter60:C60|CNT[5] File: C:/Users/emans/OneDrive/Documents/CMPE 470L/Final Project/Counter60.vhd Line: 24
Info (286030): Timing-Driven Synthesis is running
Critical Warning (18061): Ignored Power-Up Level option on the following registers
    Critical Warning (18010): Register Timer90:Timer|CNT[1] will power up to High File: C:/Users/emans/OneDrive/Documents/CMPE 470L/Final Project/Timer90.vhd Line: 24
    Critical Warning (18010): Register Timer90:Timer|CNT[6] will power up to High File: C:/Users/emans/OneDrive/Documents/CMPE 470L/Final Project/Timer90.vhd Line: 24
    Critical Warning (18010): Register Timer90:Timer|CNT[4] will power up to High File: C:/Users/emans/OneDrive/Documents/CMPE 470L/Final Project/Timer90.vhd Line: 24
    Critical Warning (18010): Register Timer90:Timer|CNT[3] will power up to High File: C:/Users/emans/OneDrive/Documents/CMPE 470L/Final Project/Timer90.vhd Line: 24
Info (17016): Found the following redundant logic cells in design
    Info (17048): Logic cell "HEXtoBCD:HEX0Conv|lpm_divide:Mod0|lpm_divide_25o:auto_generated|abs_divider_4dg:divider|alt_u_div_ske:divider|op_20~18"
    Info (17048): Logic cell "HEXtoBCD:HEX0Conv|lpm_divide:Mod0|lpm_divide_25o:auto_generated|abs_divider_4dg:divider|alt_u_div_ske:divider|op_23~26"
    Info (17048): Logic cell "HEXtoBCD:HEX0Conv|lpm_divide:Div0|lpm_divide_fbo:auto_generated|abs_divider_kbg:divider|alt_u_div_she:divider|add_sub_28_result_int[0]~12" File: C:/Users/emans/OneDrive/Documents/CMPE 470L/Final Project/db/alt_u_div_she.tdf Line: 132
    Info (17048): Logic cell "HEXtoBCD:HEX0Conv|lpm_divide:Div0|lpm_divide_fbo:auto_generated|abs_divider_kbg:divider|alt_u_div_she:divider|add_sub_30_result_int[0]~12" File: C:/Users/emans/OneDrive/Documents/CMPE 470L/Final Project/db/alt_u_div_she.tdf Line: 147
    Info (17048): Logic cell "HEXtoBCD:HEX0Conv|lpm_divide:Mod1|lpm_divide_25o:auto_generated|abs_divider_4dg:divider|alt_u_div_ske:divider|op_24~0"
Info (16010): Generating hard_block partition "hard_block:auto_generated_inst"
    Info (16011): Adding 0 node(s), including 0 DDIO, 0 PLL, 0 transceiver and 0 LCELL
Info (21057): Implemented 387 device resources after synthesis - the final resource count might be different
    Info (21058): Implemented 6 input pins
    Info (21059): Implemented 30 output pins
    Info (21061): Implemented 351 logic cells
Info: Quartus Prime Analysis & Synthesis was successful. 0 errors, 48 warnings
    Info: Peak virtual memory: 4841 megabytes
    Info: Processing ended: Sat Apr 30 21:00:56 2022
    Info: Elapsed time: 00:00:24
    Info: Total CPU time (on all processors): 00:00:46


